<?xml version="1.0" encoding="UTF-8"?>
<!-- Generated by org.testng.reporters.JUnitXMLReporter -->
<testsuite ignored="2" hostname="Stock" failures="0" tests="1" name="Default test" time="3.676" errors="0" timestamp="15 Nov 2020 17:19:24 GMT">
  <testcase classname="rest.nagp.assignment.testCases.TestUsers" name="updateUserEmail" time="3.109"/>
  <testcase classname="rest.nagp.assignment.testCases.TestUsers" name="addAUser" time="0.0">
    <ignored/>
  </testcase> <!-- addAUser -->
  <testcase classname="rest.nagp.assignment.testCases.TestUsers" name="getAUser" time="0.0">
    <ignored/>
  </testcase> <!-- getAUser -->
</testsuite> <!-- Default test -->
