<?xml version="1.0" encoding="UTF-8"?>
<!-- Generated by org.testng.reporters.JUnitXMLReporter -->
<testsuite hostname="Stock" ignored="2" name="Test" tests="10" failures="3" timestamp="15 Mar 2021 11:21:15 GMT" time="12.09" errors="0">
  <testcase name="@BeforeMethod setupRequest" time="5.743" classname="rest.nagp.assignment.testCases.TestActivities">
    <failure type="javax.net.ssl.SSLHandshakeException" message="sun.security.validator.ValidatorException: PKIX path building failed: sun.security.provider.certpath.SunCertPathBuilderException: unable to find valid certification path to requested target">
      <![CDATA[javax.net.ssl.SSLHandshakeException: sun.security.validator.ValidatorException: PKIX path building failed: sun.security.provider.certpath.SunCertPathBuilderException: unable to find valid certification path to requested target
at sun.security.ssl.Alert.createSSLException(Unknown Source)
at sun.security.ssl.TransportContext.fatal(Unknown Source)
at sun.security.ssl.TransportContext.fatal(Unknown Source)
at sun.security.ssl.TransportContext.fatal(Unknown Source)
at sun.security.ssl.CertificateMessage$T12CertificateConsumer.checkServerCerts(Unknown Source)
at sun.security.ssl.CertificateMessage$T12CertificateConsumer.onCertificate(Unknown Source)
at sun.security.ssl.CertificateMessage$T12CertificateConsumer.consume(Unknown Source)
at sun.security.ssl.SSLHandshake.consume(Unknown Source)
at sun.security.ssl.HandshakeContext.dispatch(Unknown Source)
at sun.security.ssl.HandshakeContext.dispatch(Unknown Source)
at sun.security.ssl.TransportContext.dispatch(Unknown Source)
at sun.security.ssl.SSLTransport.decode(Unknown Source)
at sun.security.ssl.SSLSocketImpl.decode(Unknown Source)
at sun.security.ssl.SSLSocketImpl.readHandshakeRecord(Unknown Source)
at sun.security.ssl.SSLSocketImpl.startHandshake(Unknown Source)
at sun.security.ssl.SSLSocketImpl.startHandshake(Unknown Source)
at org.apache.http.conn.ssl.SSLSocketFactory.connectSocket(SSLSocketFactory.java:553)
at org.apache.http.conn.ssl.SSLSocketFactory.connectSocket(SSLSocketFactory.java:412)
at org.apache.http.impl.conn.DefaultClientConnectionOperator.openConnection(DefaultClientConnectionOperator.java:179)
at org.apache.http.impl.conn.ManagedClientConnectionImpl.open(ManagedClientConnectionImpl.java:328)
at org.apache.http.impl.client.DefaultRequestDirector.tryConnect(DefaultRequestDirector.java:612)
at org.apache.http.impl.client.DefaultRequestDirector.execute(DefaultRequestDirector.java:447)
at org.apache.http.impl.client.AbstractHttpClient.doExecute(AbstractHttpClient.java:884)
at org.apache.http.impl.client.CloseableHttpClient.execute(CloseableHttpClient.java:82)
at org.apache.http.impl.client.CloseableHttpClient.execute(CloseableHttpClient.java:55)
at org.apache.http.client.HttpClient$execute$0.call(Unknown Source)
at org.codehaus.groovy.runtime.callsite.CallSiteArray.defaultCall(CallSiteArray.java:48)
at org.codehaus.groovy.runtime.callsite.AbstractCallSite.call(AbstractCallSite.java:113)
at org.codehaus.groovy.runtime.callsite.AbstractCallSite.call(AbstractCallSite.java:133)
at io.restassured.internal.RequestSpecificationImpl$RestAssuredHttpBuilder.doRequest(RequestSpecificationImpl.groovy:2119)
at io.restassured.internal.http.HTTPBuilder.post(HTTPBuilder.java:349)
at io.restassured.internal.http.HTTPBuilder$post$2.call(Unknown Source)
at org.codehaus.groovy.runtime.callsite.CallSiteArray.defaultCall(CallSiteArray.java:48)
at org.codehaus.groovy.runtime.callsite.AbstractCallSite.call(AbstractCallSite.java:113)
at org.codehaus.groovy.runtime.callsite.AbstractCallSite.call(AbstractCallSite.java:133)
at io.restassured.internal.RequestSpecificationImpl.sendRequest(RequestSpecificationImpl.groovy:1269)
at groovy.lang.MetaMethod.doMethodInvoke(MetaMethod.java:325)
at groovy.lang.MetaClassImpl.invokeMethod(MetaClassImpl.java:1212)
at groovy.lang.MetaClassImpl.invokeMethod(MetaClassImpl.java:1021)
at groovy.lang.MetaClassImpl.invokeMethod(MetaClassImpl.java:812)
at io.restassured.internal.RequestSpecificationImpl.invokeMethod(RequestSpecificationImpl.groovy)
at org.codehaus.groovy.runtime.callsite.PogoInterceptableSite.call(PogoInterceptableSite.java:48)
at org.codehaus.groovy.runtime.callsite.CallSiteArray.defaultCall(CallSiteArray.java:48)
at org.codehaus.groovy.runtime.callsite.AbstractCallSite.call(AbstractCallSite.java:113)
at org.codehaus.groovy.runtime.callsite.AbstractCallSite.call(AbstractCallSite.java:149)
at io.restassured.internal.filter.SendRequestFilter.filter(SendRequestFilter.groovy:30)
at io.restassured.filter.Filter$filter$0.call(Unknown Source)
at org.codehaus.groovy.runtime.callsite.CallSiteArray.defaultCall(CallSiteArray.java:48)
at io.restassured.filter.Filter$filter.call(Unknown Source)
at io.restassured.internal.filter.FilterContextImpl.next(FilterContextImpl.groovy:72)
at io.restassured.filter.time.TimingFilter.filter(TimingFilter.java:56)
at io.restassured.filter.Filter$filter.call(Unknown Source)
at org.codehaus.groovy.runtime.callsite.CallSiteArray.defaultCall(CallSiteArray.java:48)
at io.restassured.filter.Filter$filter.call(Unknown Source)
at io.restassured.internal.filter.FilterContextImpl.next(FilterContextImpl.groovy:72)
at io.restassured.filter.log.RequestLoggingFilter.filter(RequestLoggingFilter.java:124)
at io.restassured.filter.Filter$filter.call(Unknown Source)
at org.codehaus.groovy.runtime.callsite.CallSiteArray.defaultCall(CallSiteArray.java:48)
at org.codehaus.groovy.runtime.callsite.AbstractCallSite.call(AbstractCallSite.java:113)
at org.codehaus.groovy.runtime.callsite.AbstractCallSite.call(AbstractCallSite.java:141)
at io.restassured.internal.filter.FilterContextImpl.next(FilterContextImpl.groovy:72)
at io.restassured.filter.FilterContext$next.call(Unknown Source)
at org.codehaus.groovy.runtime.callsite.CallSiteArray.defaultCall(CallSiteArray.java:48)
at org.codehaus.groovy.runtime.callsite.AbstractCallSite.call(AbstractCallSite.java:113)
at org.codehaus.groovy.runtime.callsite.AbstractCallSite.call(AbstractCallSite.java:133)
at io.restassured.internal.RequestSpecificationImpl.applyPathParamsAndSendRequest(RequestSpecificationImpl.groovy:1722)
at groovy.lang.MetaMethod.doMethodInvoke(MetaMethod.java:325)
at groovy.lang.MetaClassImpl.invokeMethod(MetaClassImpl.java:1212)
at groovy.lang.MetaClassImpl.invokeMethod(MetaClassImpl.java:1021)
at groovy.lang.MetaClassImpl.invokeMethod(MetaClassImpl.java:812)
at io.restassured.internal.RequestSpecificationImpl.invokeMethod(RequestSpecificationImpl.groovy)
at org.codehaus.groovy.runtime.callsite.PogoInterceptableSite.call(PogoInterceptableSite.java:48)
at org.codehaus.groovy.runtime.callsite.PogoInterceptableSite.callCurrent(PogoInterceptableSite.java:58)
at org.codehaus.groovy.runtime.callsite.CallSiteArray.defaultCallCurrent(CallSiteArray.java:52)
at org.codehaus.groovy.runtime.callsite.AbstractCallSite.callCurrent(AbstractCallSite.java:154)
at org.codehaus.groovy.runtime.callsite.AbstractCallSite.callCurrent(AbstractCallSite.java:182)
at io.restassured.internal.RequestSpecificationImpl.applyPathParamsAndSendRequest(RequestSpecificationImpl.groovy:1728)
at groovy.lang.MetaMethod.doMethodInvoke(MetaMethod.java:325)
at groovy.lang.MetaClassImpl.invokeMethod(MetaClassImpl.java:1212)
at groovy.lang.MetaClassImpl.invokeMethod(MetaClassImpl.java:1021)
at groovy.lang.MetaClassImpl.invokeMethod(MetaClassImpl.java:812)
at io.restassured.internal.RequestSpecificationImpl.invokeMethod(RequestSpecificationImpl.groovy)
at org.codehaus.groovy.runtime.callsite.PogoInterceptableSite.call(PogoInterceptableSite.java:48)
at org.codehaus.groovy.runtime.callsite.PogoInterceptableSite.callCurrent(PogoInterceptableSite.java:58)
at org.codehaus.groovy.runtime.callsite.CallSiteArray.defaultCallCurrent(CallSiteArray.java:52)
at org.codehaus.groovy.runtime.callsite.AbstractCallSite.callCurrent(AbstractCallSite.java:154)
at org.codehaus.groovy.runtime.callsite.AbstractCallSite.callCurrent(AbstractCallSite.java:182)
at io.restassured.internal.RequestSpecificationImpl.post(RequestSpecificationImpl.groovy:172)
at io.restassured.internal.RequestSpecificationImpl.post(RequestSpecificationImpl.groovy)
at rest.nagp.assignment.utilities.RestClientWrapper.post(RestClientWrapper.java:29)
at rest.nagp.assignment.base.Base.getSessionID(Base.java:72)
at rest.nagp.assignment.testCases.TestActivities.setupRequest(TestActivities.java:30)
Caused by: sun.security.validator.ValidatorException: PKIX path building failed: sun.security.provider.certpath.SunCertPathBuilderException: unable to find valid certification path to requested target
at sun.security.validator.PKIXValidator.doBuild(Unknown Source)
at sun.security.validator.PKIXValidator.engineValidate(Unknown Source)
at sun.security.validator.Validator.validate(Unknown Source)
at sun.security.ssl.X509TrustManagerImpl.validate(Unknown Source)
at sun.security.ssl.X509TrustManagerImpl.checkTrusted(Unknown Source)
at sun.security.ssl.X509TrustManagerImpl.checkServerTrusted(Unknown Source)
... 131 more
Caused by: sun.security.provider.certpath.SunCertPathBuilderException: unable to find valid certification path to requested target
at sun.security.provider.certpath.SunCertPathBuilder.build(Unknown Source)
at sun.security.provider.certpath.SunCertPathBuilder.engineBuild(Unknown Source)
at java.security.cert.CertPathBuilder.build(Unknown Source)
... 137 more
... Removed 43 stack frames]]>
    </failure>
  </testcase> <!-- @BeforeMethod setupRequest -->
  <testcase name="@AfterMethod reportFlush" time="0.0" classname="rest.nagp.assignment.base.Base">
    <skipped/>
  </testcase> <!-- @AfterMethod reportFlush -->
  <testcase name="@BeforeMethod startTest" time="0.0" classname="rest.nagp.assignment.base.Base">
    <skipped/>
  </testcase> <!-- @BeforeMethod startTest -->
  <testcase name="@BeforeMethod setupRequest" time="0.0" classname="rest.nagp.assignment.testCases.TestActivities">
    <skipped/>
  </testcase> <!-- @BeforeMethod setupRequest -->
  <testcase name="@AfterMethod reportFlush" time="0.0" classname="rest.nagp.assignment.base.Base">
    <skipped/>
  </testcase> <!-- @AfterMethod reportFlush -->
  <testcase name="@BeforeMethod startTest" time="0.0" classname="rest.nagp.assignment.base.Base">
    <skipped/>
  </testcase> <!-- @BeforeMethod startTest -->
  <testcase name="@BeforeMethod setupRequest" time="0.0" classname="rest.nagp.assignment.testCases.TestActivities">
    <skipped/>
  </testcase> <!-- @BeforeMethod setupRequest -->
  <testcase name="@AfterMethod reportFlush" time="0.0" classname="rest.nagp.assignment.base.Base">
    <skipped/>
  </testcase> <!-- @AfterMethod reportFlush -->
  <testcase name="@BeforeMethod startTest" time="0.0" classname="rest.nagp.assignment.base.Base">
    <skipped/>
  </testcase> <!-- @BeforeMethod startTest -->
  <testcase name="@BeforeMethod setupRequest" time="0.0" classname="rest.nagp.assignment.testCases.TestActivities">
    <skipped/>
  </testcase> <!-- @BeforeMethod setupRequest -->
  <testcase name="@AfterMethod reportFlush" time="0.0" classname="rest.nagp.assignment.base.Base">
    <skipped/>
  </testcase> <!-- @AfterMethod reportFlush -->
  <testcase name="@BeforeMethod setupRequest" time="0.647" classname="rest.nagp.assignment.testCases.TestQuotes">
    <failure type="javax.net.ssl.SSLHandshakeException" message="sun.security.validator.ValidatorException: PKIX path building failed: sun.security.provider.certpath.SunCertPathBuilderException: unable to find valid certification path to requested target">
      <![CDATA[javax.net.ssl.SSLHandshakeException: sun.security.validator.ValidatorException: PKIX path building failed: sun.security.provider.certpath.SunCertPathBuilderException: unable to find valid certification path to requested target
at sun.security.ssl.Alert.createSSLException(Unknown Source)
at sun.security.ssl.TransportContext.fatal(Unknown Source)
at sun.security.ssl.TransportContext.fatal(Unknown Source)
at sun.security.ssl.TransportContext.fatal(Unknown Source)
at sun.security.ssl.CertificateMessage$T12CertificateConsumer.checkServerCerts(Unknown Source)
at sun.security.ssl.CertificateMessage$T12CertificateConsumer.onCertificate(Unknown Source)
at sun.security.ssl.CertificateMessage$T12CertificateConsumer.consume(Unknown Source)
at sun.security.ssl.SSLHandshake.consume(Unknown Source)
at sun.security.ssl.HandshakeContext.dispatch(Unknown Source)
at sun.security.ssl.HandshakeContext.dispatch(Unknown Source)
at sun.security.ssl.TransportContext.dispatch(Unknown Source)
at sun.security.ssl.SSLTransport.decode(Unknown Source)
at sun.security.ssl.SSLSocketImpl.decode(Unknown Source)
at sun.security.ssl.SSLSocketImpl.readHandshakeRecord(Unknown Source)
at sun.security.ssl.SSLSocketImpl.startHandshake(Unknown Source)
at sun.security.ssl.SSLSocketImpl.startHandshake(Unknown Source)
at org.apache.http.conn.ssl.SSLSocketFactory.connectSocket(SSLSocketFactory.java:553)
at org.apache.http.conn.ssl.SSLSocketFactory.connectSocket(SSLSocketFactory.java:412)
at org.apache.http.impl.conn.DefaultClientConnectionOperator.openConnection(DefaultClientConnectionOperator.java:179)
at org.apache.http.impl.conn.ManagedClientConnectionImpl.open(ManagedClientConnectionImpl.java:328)
at org.apache.http.impl.client.DefaultRequestDirector.tryConnect(DefaultRequestDirector.java:612)
at org.apache.http.impl.client.DefaultRequestDirector.execute(DefaultRequestDirector.java:447)
at org.apache.http.impl.client.AbstractHttpClient.doExecute(AbstractHttpClient.java:884)
at org.apache.http.impl.client.CloseableHttpClient.execute(CloseableHttpClient.java:82)
at org.apache.http.impl.client.CloseableHttpClient.execute(CloseableHttpClient.java:55)
at org.apache.http.client.HttpClient$execute$0.call(Unknown Source)
at io.restassured.internal.RequestSpecificationImpl$RestAssuredHttpBuilder.doRequest(RequestSpecificationImpl.groovy:2119)
at io.restassured.internal.http.HTTPBuilder.post(HTTPBuilder.java:349)
at io.restassured.internal.http.HTTPBuilder$post$2.call(Unknown Source)
at io.restassured.internal.RequestSpecificationImpl.sendRequest(RequestSpecificationImpl.groovy:1269)
at groovy.lang.MetaMethod.doMethodInvoke(MetaMethod.java:325)
at groovy.lang.MetaClassImpl.invokeMethod(MetaClassImpl.java:1212)
at groovy.lang.MetaClassImpl.invokeMethod(MetaClassImpl.java:1021)
at groovy.lang.MetaClassImpl.invokeMethod(MetaClassImpl.java:812)
at io.restassured.internal.RequestSpecificationImpl.invokeMethod(RequestSpecificationImpl.groovy)
at org.codehaus.groovy.runtime.callsite.PogoInterceptableSite.call(PogoInterceptableSite.java:48)
at org.codehaus.groovy.runtime.callsite.AbstractCallSite.call(AbstractCallSite.java:149)
at io.restassured.internal.filter.SendRequestFilter.filter(SendRequestFilter.groovy:30)
at io.restassured.filter.Filter$filter$0.call(Unknown Source)
at org.codehaus.groovy.runtime.callsite.CallSiteArray.defaultCall(CallSiteArray.java:48)
at io.restassured.filter.Filter$filter.call(Unknown Source)
at io.restassured.internal.filter.FilterContextImpl.next(FilterContextImpl.groovy:72)
at io.restassured.filter.time.TimingFilter.filter(TimingFilter.java:56)
at io.restassured.filter.Filter$filter.call(Unknown Source)
at org.codehaus.groovy.runtime.callsite.CallSiteArray.defaultCall(CallSiteArray.java:48)
at io.restassured.filter.Filter$filter.call(Unknown Source)
at io.restassured.internal.filter.FilterContextImpl.next(FilterContextImpl.groovy:72)
at io.restassured.filter.log.RequestLoggingFilter.filter(RequestLoggingFilter.java:124)
at io.restassured.filter.Filter$filter.call(Unknown Source)
at org.codehaus.groovy.runtime.callsite.CallSiteArray.defaultCall(CallSiteArray.java:48)
at io.restassured.filter.Filter$filter$0.call(Unknown Source)
at io.restassured.internal.filter.FilterContextImpl.next(FilterContextImpl.groovy:72)
at io.restassured.filter.FilterContext$next.call(Unknown Source)
at io.restassured.internal.RequestSpecificationImpl.applyPathParamsAndSendRequest(RequestSpecificationImpl.groovy:1722)
at groovy.lang.MetaMethod.doMethodInvoke(MetaMethod.java:325)
at groovy.lang.MetaClassImpl.invokeMethod(MetaClassImpl.java:1212)
at groovy.lang.MetaClassImpl.invokeMethod(MetaClassImpl.java:1021)
at groovy.lang.MetaClassImpl.invokeMethod(MetaClassImpl.java:812)
at io.restassured.internal.RequestSpecificationImpl.invokeMethod(RequestSpecificationImpl.groovy)
at org.codehaus.groovy.runtime.callsite.PogoInterceptableSite.call(PogoInterceptableSite.java:48)
at org.codehaus.groovy.runtime.callsite.PogoInterceptableSite.callCurrent(PogoInterceptableSite.java:58)
at org.codehaus.groovy.runtime.callsite.AbstractCallSite.callCurrent(AbstractCallSite.java:182)
at io.restassured.internal.RequestSpecificationImpl.applyPathParamsAndSendRequest(RequestSpecificationImpl.groovy:1728)
at groovy.lang.MetaMethod.doMethodInvoke(MetaMethod.java:325)
at groovy.lang.MetaClassImpl.invokeMethod(MetaClassImpl.java:1212)
at groovy.lang.MetaClassImpl.invokeMethod(MetaClassImpl.java:1021)
at groovy.lang.MetaClassImpl.invokeMethod(MetaClassImpl.java:812)
at io.restassured.internal.RequestSpecificationImpl.invokeMethod(RequestSpecificationImpl.groovy)
at org.codehaus.groovy.runtime.callsite.PogoInterceptableSite.call(PogoInterceptableSite.java:48)
at org.codehaus.groovy.runtime.callsite.PogoInterceptableSite.callCurrent(PogoInterceptableSite.java:58)
at org.codehaus.groovy.runtime.callsite.AbstractCallSite.callCurrent(AbstractCallSite.java:182)
at io.restassured.internal.RequestSpecificationImpl.post(RequestSpecificationImpl.groovy:172)
at io.restassured.internal.RequestSpecificationImpl.post(RequestSpecificationImpl.groovy)
at rest.nagp.assignment.utilities.RestClientWrapper.post(RestClientWrapper.java:29)
at rest.nagp.assignment.base.Base.getSessionID(Base.java:72)
at rest.nagp.assignment.testCases.TestQuotes.setupRequest(TestQuotes.java:28)
Caused by: sun.security.validator.ValidatorException: PKIX path building failed: sun.security.provider.certpath.SunCertPathBuilderException: unable to find valid certification path to requested target
at sun.security.validator.PKIXValidator.doBuild(Unknown Source)
at sun.security.validator.PKIXValidator.engineValidate(Unknown Source)
at sun.security.validator.Validator.validate(Unknown Source)
at sun.security.ssl.X509TrustManagerImpl.validate(Unknown Source)
at sun.security.ssl.X509TrustManagerImpl.checkTrusted(Unknown Source)
at sun.security.ssl.X509TrustManagerImpl.checkServerTrusted(Unknown Source)
... 115 more
Caused by: sun.security.provider.certpath.SunCertPathBuilderException: unable to find valid certification path to requested target
at sun.security.provider.certpath.SunCertPathBuilder.build(Unknown Source)
at sun.security.provider.certpath.SunCertPathBuilder.engineBuild(Unknown Source)
at java.security.cert.CertPathBuilder.build(Unknown Source)
... 121 more
... Removed 43 stack frames]]>
    </failure>
  </testcase> <!-- @BeforeMethod setupRequest -->
  <testcase name="@AfterMethod reportFlush" time="0.0" classname="rest.nagp.assignment.base.Base">
    <skipped/>
  </testcase> <!-- @AfterMethod reportFlush -->
  <testcase name="@BeforeMethod startTest" time="0.0" classname="rest.nagp.assignment.base.Base">
    <skipped/>
  </testcase> <!-- @BeforeMethod startTest -->
  <testcase name="@BeforeMethod setupRequest" time="0.0" classname="rest.nagp.assignment.testCases.TestQuotes">
    <skipped/>
  </testcase> <!-- @BeforeMethod setupRequest -->
  <testcase name="@AfterMethod reportFlush" time="0.0" classname="rest.nagp.assignment.base.Base">
    <skipped/>
  </testcase> <!-- @AfterMethod reportFlush -->
  <testcase name="@BeforeMethod startTest" time="0.0" classname="rest.nagp.assignment.base.Base">
    <skipped/>
  </testcase> <!-- @BeforeMethod startTest -->
  <testcase name="@BeforeMethod setupRequest" time="0.0" classname="rest.nagp.assignment.testCases.TestQuotes">
    <skipped/>
  </testcase> <!-- @BeforeMethod setupRequest -->
  <testcase name="@AfterMethod reportFlush" time="0.0" classname="rest.nagp.assignment.base.Base">
    <skipped/>
  </testcase> <!-- @AfterMethod reportFlush -->
  <testcase name="deleteAnActivity" time="0.0" classname="rest.nagp.assignment.testCases.TestActivities">
    <skipped/>
  </testcase> <!-- deleteAnActivity -->
  <testcase name="followUserActivity" time="0.0" classname="rest.nagp.assignment.testCases.TestActivities">
    <skipped/>
  </testcase> <!-- followUserActivity -->
  <testcase name="getUserActivity" time="0.0" classname="rest.nagp.assignment.testCases.TestActivities">
    <skipped/>
  </testcase> <!-- getUserActivity -->
  <testcase name="unfollowUserActivity" time="0.0" classname="rest.nagp.assignment.testCases.TestActivities">
    <skipped/>
  </testcase> <!-- unfollowUserActivity -->
  <testcase name="addAQuote" time="0.0" classname="rest.nagp.assignment.testCases.TestQuotes">
    <skipped/>
  </testcase> <!-- addAQuote -->
  <testcase name="hideAQuote" time="0.0" classname="rest.nagp.assignment.testCases.TestQuotes">
    <skipped/>
  </testcase> <!-- hideAQuote -->
  <testcase name="markAQuoteFav" time="0.0" classname="rest.nagp.assignment.testCases.TestQuotes">
    <skipped/>
  </testcase> <!-- markAQuoteFav -->
  <testcase name="addAUser" time="0.669" classname="rest.nagp.assignment.testCases.TestUsers">
    <failure type="javax.net.ssl.SSLHandshakeException" message="sun.security.validator.ValidatorException: PKIX path building failed: sun.security.provider.certpath.SunCertPathBuilderException: unable to find valid certification path to requested target">
      <![CDATA[javax.net.ssl.SSLHandshakeException: sun.security.validator.ValidatorException: PKIX path building failed: sun.security.provider.certpath.SunCertPathBuilderException: unable to find valid certification path to requested target
at sun.security.ssl.Alert.createSSLException(Unknown Source)
at sun.security.ssl.TransportContext.fatal(Unknown Source)
at sun.security.ssl.TransportContext.fatal(Unknown Source)
at sun.security.ssl.TransportContext.fatal(Unknown Source)
at sun.security.ssl.CertificateMessage$T12CertificateConsumer.checkServerCerts(Unknown Source)
at sun.security.ssl.CertificateMessage$T12CertificateConsumer.onCertificate(Unknown Source)
at sun.security.ssl.CertificateMessage$T12CertificateConsumer.consume(Unknown Source)
at sun.security.ssl.SSLHandshake.consume(Unknown Source)
at sun.security.ssl.HandshakeContext.dispatch(Unknown Source)
at sun.security.ssl.HandshakeContext.dispatch(Unknown Source)
at sun.security.ssl.TransportContext.dispatch(Unknown Source)
at sun.security.ssl.SSLTransport.decode(Unknown Source)
at sun.security.ssl.SSLSocketImpl.decode(Unknown Source)
at sun.security.ssl.SSLSocketImpl.readHandshakeRecord(Unknown Source)
at sun.security.ssl.SSLSocketImpl.startHandshake(Unknown Source)
at sun.security.ssl.SSLSocketImpl.startHandshake(Unknown Source)
at org.apache.http.conn.ssl.SSLSocketFactory.connectSocket(SSLSocketFactory.java:553)
at org.apache.http.conn.ssl.SSLSocketFactory.connectSocket(SSLSocketFactory.java:412)
at org.apache.http.impl.conn.DefaultClientConnectionOperator.openConnection(DefaultClientConnectionOperator.java:179)
at org.apache.http.impl.conn.ManagedClientConnectionImpl.open(ManagedClientConnectionImpl.java:328)
at org.apache.http.impl.client.DefaultRequestDirector.tryConnect(DefaultRequestDirector.java:612)
at org.apache.http.impl.client.DefaultRequestDirector.execute(DefaultRequestDirector.java:447)
at org.apache.http.impl.client.AbstractHttpClient.doExecute(AbstractHttpClient.java:884)
at org.apache.http.impl.client.CloseableHttpClient.execute(CloseableHttpClient.java:82)
at org.apache.http.impl.client.CloseableHttpClient.execute(CloseableHttpClient.java:55)
at org.apache.http.client.HttpClient$execute$0.call(Unknown Source)
at io.restassured.internal.RequestSpecificationImpl$RestAssuredHttpBuilder.doRequest(RequestSpecificationImpl.groovy:2119)
at io.restassured.internal.http.HTTPBuilder.post(HTTPBuilder.java:349)
at io.restassured.internal.http.HTTPBuilder$post$2.call(Unknown Source)
at io.restassured.internal.RequestSpecificationImpl.sendRequest(RequestSpecificationImpl.groovy:1269)
at groovy.lang.MetaMethod.doMethodInvoke(MetaMethod.java:325)
at groovy.lang.MetaClassImpl.invokeMethod(MetaClassImpl.java:1212)
at groovy.lang.MetaClassImpl.invokeMethod(MetaClassImpl.java:1021)
at groovy.lang.MetaClassImpl.invokeMethod(MetaClassImpl.java:812)
at io.restassured.internal.RequestSpecificationImpl.invokeMethod(RequestSpecificationImpl.groovy)
at org.codehaus.groovy.runtime.callsite.PogoInterceptableSite.call(PogoInterceptableSite.java:48)
at org.codehaus.groovy.runtime.callsite.AbstractCallSite.call(AbstractCallSite.java:149)
at io.restassured.internal.filter.SendRequestFilter.filter(SendRequestFilter.groovy:30)
at io.restassured.filter.Filter$filter$0.call(Unknown Source)
at org.codehaus.groovy.runtime.callsite.CallSiteArray.defaultCall(CallSiteArray.java:48)
at io.restassured.filter.Filter$filter.call(Unknown Source)
at io.restassured.internal.filter.FilterContextImpl.next(FilterContextImpl.groovy:72)
at io.restassured.filter.time.TimingFilter.filter(TimingFilter.java:56)
at io.restassured.filter.Filter$filter.call(Unknown Source)
at org.codehaus.groovy.runtime.callsite.CallSiteArray.defaultCall(CallSiteArray.java:48)
at io.restassured.filter.Filter$filter.call(Unknown Source)
at io.restassured.internal.filter.FilterContextImpl.next(FilterContextImpl.groovy:72)
at io.restassured.filter.log.RequestLoggingFilter.filter(RequestLoggingFilter.java:124)
at io.restassured.filter.Filter$filter.call(Unknown Source)
at org.codehaus.groovy.runtime.callsite.CallSiteArray.defaultCall(CallSiteArray.java:48)
at io.restassured.filter.Filter$filter$0.call(Unknown Source)
at io.restassured.internal.filter.FilterContextImpl.next(FilterContextImpl.groovy:72)
at io.restassured.filter.FilterContext$next.call(Unknown Source)
at io.restassured.internal.RequestSpecificationImpl.applyPathParamsAndSendRequest(RequestSpecificationImpl.groovy:1722)
at groovy.lang.MetaMethod.doMethodInvoke(MetaMethod.java:325)
at groovy.lang.MetaClassImpl.invokeMethod(MetaClassImpl.java:1212)
at groovy.lang.MetaClassImpl.invokeMethod(MetaClassImpl.java:1021)
at groovy.lang.MetaClassImpl.invokeMethod(MetaClassImpl.java:812)
at io.restassured.internal.RequestSpecificationImpl.invokeMethod(RequestSpecificationImpl.groovy)
at org.codehaus.groovy.runtime.callsite.PogoInterceptableSite.call(PogoInterceptableSite.java:48)
at org.codehaus.groovy.runtime.callsite.PogoInterceptableSite.callCurrent(PogoInterceptableSite.java:58)
at org.codehaus.groovy.runtime.callsite.AbstractCallSite.callCurrent(AbstractCallSite.java:182)
at io.restassured.internal.RequestSpecificationImpl.applyPathParamsAndSendRequest(RequestSpecificationImpl.groovy:1728)
at groovy.lang.MetaMethod.doMethodInvoke(MetaMethod.java:325)
at groovy.lang.MetaClassImpl.invokeMethod(MetaClassImpl.java:1212)
at groovy.lang.MetaClassImpl.invokeMethod(MetaClassImpl.java:1021)
at groovy.lang.MetaClassImpl.invokeMethod(MetaClassImpl.java:812)
at io.restassured.internal.RequestSpecificationImpl.invokeMethod(RequestSpecificationImpl.groovy)
at org.codehaus.groovy.runtime.callsite.PogoInterceptableSite.call(PogoInterceptableSite.java:48)
at org.codehaus.groovy.runtime.callsite.PogoInterceptableSite.callCurrent(PogoInterceptableSite.java:58)
at org.codehaus.groovy.runtime.callsite.AbstractCallSite.callCurrent(AbstractCallSite.java:182)
at io.restassured.internal.RequestSpecificationImpl.post(RequestSpecificationImpl.groovy:172)
at io.restassured.internal.RequestSpecificationImpl.post(RequestSpecificationImpl.groovy)
at rest.nagp.assignment.utilities.RestClientWrapper.post(RestClientWrapper.java:29)
at rest.nagp.assignment.testCases.TestUsers.addAUser(TestUsers.java:37)
Caused by: sun.security.validator.ValidatorException: PKIX path building failed: sun.security.provider.certpath.SunCertPathBuilderException: unable to find valid certification path to requested target
at sun.security.validator.PKIXValidator.doBuild(Unknown Source)
at sun.security.validator.PKIXValidator.engineValidate(Unknown Source)
at sun.security.validator.Validator.validate(Unknown Source)
at sun.security.ssl.X509TrustManagerImpl.validate(Unknown Source)
at sun.security.ssl.X509TrustManagerImpl.checkTrusted(Unknown Source)
at sun.security.ssl.X509TrustManagerImpl.checkServerTrusted(Unknown Source)
... 111 more
Caused by: sun.security.provider.certpath.SunCertPathBuilderException: unable to find valid certification path to requested target
at sun.security.provider.certpath.SunCertPathBuilder.build(Unknown Source)
at sun.security.provider.certpath.SunCertPathBuilder.engineBuild(Unknown Source)
at java.security.cert.CertPathBuilder.build(Unknown Source)
... 117 more
... Removed 40 stack frames]]>
    </failure>
  </testcase> <!-- addAUser -->
  <testcase name="getAUser" time="0.583" classname="rest.nagp.assignment.testCases.TestUsers">
    <failure type="javax.net.ssl.SSLHandshakeException" message="sun.security.validator.ValidatorException: PKIX path building failed: sun.security.provider.certpath.SunCertPathBuilderException: unable to find valid certification path to requested target">
      <![CDATA[javax.net.ssl.SSLHandshakeException: sun.security.validator.ValidatorException: PKIX path building failed: sun.security.provider.certpath.SunCertPathBuilderException: unable to find valid certification path to requested target
at sun.security.ssl.Alert.createSSLException(Unknown Source)
at sun.security.ssl.TransportContext.fatal(Unknown Source)
at sun.security.ssl.TransportContext.fatal(Unknown Source)
at sun.security.ssl.TransportContext.fatal(Unknown Source)
at sun.security.ssl.CertificateMessage$T12CertificateConsumer.checkServerCerts(Unknown Source)
at sun.security.ssl.CertificateMessage$T12CertificateConsumer.onCertificate(Unknown Source)
at sun.security.ssl.CertificateMessage$T12CertificateConsumer.consume(Unknown Source)
at sun.security.ssl.SSLHandshake.consume(Unknown Source)
at sun.security.ssl.HandshakeContext.dispatch(Unknown Source)
at sun.security.ssl.HandshakeContext.dispatch(Unknown Source)
at sun.security.ssl.TransportContext.dispatch(Unknown Source)
at sun.security.ssl.SSLTransport.decode(Unknown Source)
at sun.security.ssl.SSLSocketImpl.decode(Unknown Source)
at sun.security.ssl.SSLSocketImpl.readHandshakeRecord(Unknown Source)
at sun.security.ssl.SSLSocketImpl.startHandshake(Unknown Source)
at sun.security.ssl.SSLSocketImpl.startHandshake(Unknown Source)
at org.apache.http.conn.ssl.SSLSocketFactory.connectSocket(SSLSocketFactory.java:553)
at org.apache.http.conn.ssl.SSLSocketFactory.connectSocket(SSLSocketFactory.java:412)
at org.apache.http.impl.conn.DefaultClientConnectionOperator.openConnection(DefaultClientConnectionOperator.java:179)
at org.apache.http.impl.conn.ManagedClientConnectionImpl.open(ManagedClientConnectionImpl.java:328)
at org.apache.http.impl.client.DefaultRequestDirector.tryConnect(DefaultRequestDirector.java:612)
at org.apache.http.impl.client.DefaultRequestDirector.execute(DefaultRequestDirector.java:447)
at org.apache.http.impl.client.AbstractHttpClient.doExecute(AbstractHttpClient.java:884)
at org.apache.http.impl.client.CloseableHttpClient.execute(CloseableHttpClient.java:82)
at org.apache.http.impl.client.CloseableHttpClient.execute(CloseableHttpClient.java:55)
at org.apache.http.client.HttpClient$execute$0.call(Unknown Source)
at io.restassured.internal.RequestSpecificationImpl$RestAssuredHttpBuilder.doRequest(RequestSpecificationImpl.groovy:2119)
at io.restassured.internal.http.HTTPBuilder.post(HTTPBuilder.java:349)
at io.restassured.internal.http.HTTPBuilder$post$2.call(Unknown Source)
at io.restassured.internal.RequestSpecificationImpl.sendRequest(RequestSpecificationImpl.groovy:1269)
at groovy.lang.MetaMethod.doMethodInvoke(MetaMethod.java:325)
at groovy.lang.MetaClassImpl.invokeMethod(MetaClassImpl.java:1212)
at groovy.lang.MetaClassImpl.invokeMethod(MetaClassImpl.java:1021)
at groovy.lang.MetaClassImpl.invokeMethod(MetaClassImpl.java:812)
at io.restassured.internal.RequestSpecificationImpl.invokeMethod(RequestSpecificationImpl.groovy)
at org.codehaus.groovy.runtime.callsite.PogoInterceptableSite.call(PogoInterceptableSite.java:48)
at org.codehaus.groovy.runtime.callsite.AbstractCallSite.call(AbstractCallSite.java:149)
at io.restassured.internal.filter.SendRequestFilter.filter(SendRequestFilter.groovy:30)
at io.restassured.filter.Filter$filter$0.call(Unknown Source)
at org.codehaus.groovy.runtime.callsite.CallSiteArray.defaultCall(CallSiteArray.java:48)
at io.restassured.filter.Filter$filter.call(Unknown Source)
at io.restassured.internal.filter.FilterContextImpl.next(FilterContextImpl.groovy:72)
at io.restassured.filter.time.TimingFilter.filter(TimingFilter.java:56)
at io.restassured.filter.Filter$filter.call(Unknown Source)
at org.codehaus.groovy.runtime.callsite.CallSiteArray.defaultCall(CallSiteArray.java:48)
at io.restassured.filter.Filter$filter.call(Unknown Source)
at io.restassured.internal.filter.FilterContextImpl.next(FilterContextImpl.groovy:72)
at io.restassured.filter.log.RequestLoggingFilter.filter(RequestLoggingFilter.java:124)
at io.restassured.filter.Filter$filter.call(Unknown Source)
at org.codehaus.groovy.runtime.callsite.CallSiteArray.defaultCall(CallSiteArray.java:48)
at io.restassured.filter.Filter$filter$0.call(Unknown Source)
at io.restassured.internal.filter.FilterContextImpl.next(FilterContextImpl.groovy:72)
at io.restassured.filter.FilterContext$next.call(Unknown Source)
at io.restassured.internal.RequestSpecificationImpl.applyPathParamsAndSendRequest(RequestSpecificationImpl.groovy:1722)
at groovy.lang.MetaMethod.doMethodInvoke(MetaMethod.java:325)
at groovy.lang.MetaClassImpl.invokeMethod(MetaClassImpl.java:1212)
at groovy.lang.MetaClassImpl.invokeMethod(MetaClassImpl.java:1021)
at groovy.lang.MetaClassImpl.invokeMethod(MetaClassImpl.java:812)
at io.restassured.internal.RequestSpecificationImpl.invokeMethod(RequestSpecificationImpl.groovy)
at org.codehaus.groovy.runtime.callsite.PogoInterceptableSite.call(PogoInterceptableSite.java:48)
at org.codehaus.groovy.runtime.callsite.PogoInterceptableSite.callCurrent(PogoInterceptableSite.java:58)
at org.codehaus.groovy.runtime.callsite.AbstractCallSite.callCurrent(AbstractCallSite.java:182)
at io.restassured.internal.RequestSpecificationImpl.applyPathParamsAndSendRequest(RequestSpecificationImpl.groovy:1728)
at groovy.lang.MetaMethod.doMethodInvoke(MetaMethod.java:325)
at groovy.lang.MetaClassImpl.invokeMethod(MetaClassImpl.java:1212)
at groovy.lang.MetaClassImpl.invokeMethod(MetaClassImpl.java:1021)
at groovy.lang.MetaClassImpl.invokeMethod(MetaClassImpl.java:812)
at io.restassured.internal.RequestSpecificationImpl.invokeMethod(RequestSpecificationImpl.groovy)
at org.codehaus.groovy.runtime.callsite.PogoInterceptableSite.call(PogoInterceptableSite.java:48)
at org.codehaus.groovy.runtime.callsite.PogoInterceptableSite.callCurrent(PogoInterceptableSite.java:58)
at org.codehaus.groovy.runtime.callsite.AbstractCallSite.callCurrent(AbstractCallSite.java:182)
at io.restassured.internal.RequestSpecificationImpl.post(RequestSpecificationImpl.groovy:172)
at io.restassured.internal.RequestSpecificationImpl.post(RequestSpecificationImpl.groovy)
at rest.nagp.assignment.utilities.RestClientWrapper.post(RestClientWrapper.java:29)
at rest.nagp.assignment.base.Base.getSessionID(Base.java:72)
at rest.nagp.assignment.testCases.TestUsers.getAUser(TestUsers.java:44)
Caused by: sun.security.validator.ValidatorException: PKIX path building failed: sun.security.provider.certpath.SunCertPathBuilderException: unable to find valid certification path to requested target
at sun.security.validator.PKIXValidator.doBuild(Unknown Source)
at sun.security.validator.PKIXValidator.engineValidate(Unknown Source)
at sun.security.validator.Validator.validate(Unknown Source)
at sun.security.ssl.X509TrustManagerImpl.validate(Unknown Source)
at sun.security.ssl.X509TrustManagerImpl.checkTrusted(Unknown Source)
at sun.security.ssl.X509TrustManagerImpl.checkServerTrusted(Unknown Source)
... 112 more
Caused by: sun.security.provider.certpath.SunCertPathBuilderException: unable to find valid certification path to requested target
at sun.security.provider.certpath.SunCertPathBuilder.build(Unknown Source)
at sun.security.provider.certpath.SunCertPathBuilder.engineBuild(Unknown Source)
at java.security.cert.CertPathBuilder.build(Unknown Source)
... 118 more
... Removed 40 stack frames]]>
    </failure>
  </testcase> <!-- getAUser -->
  <testcase name="updateUserEmail" time="0.569" classname="rest.nagp.assignment.testCases.TestUsers">
    <failure type="javax.net.ssl.SSLHandshakeException" message="sun.security.validator.ValidatorException: PKIX path building failed: sun.security.provider.certpath.SunCertPathBuilderException: unable to find valid certification path to requested target">
      <![CDATA[javax.net.ssl.SSLHandshakeException: sun.security.validator.ValidatorException: PKIX path building failed: sun.security.provider.certpath.SunCertPathBuilderException: unable to find valid certification path to requested target
at sun.security.ssl.Alert.createSSLException(Unknown Source)
at sun.security.ssl.TransportContext.fatal(Unknown Source)
at sun.security.ssl.TransportContext.fatal(Unknown Source)
at sun.security.ssl.TransportContext.fatal(Unknown Source)
at sun.security.ssl.CertificateMessage$T12CertificateConsumer.checkServerCerts(Unknown Source)
at sun.security.ssl.CertificateMessage$T12CertificateConsumer.onCertificate(Unknown Source)
at sun.security.ssl.CertificateMessage$T12CertificateConsumer.consume(Unknown Source)
at sun.security.ssl.SSLHandshake.consume(Unknown Source)
at sun.security.ssl.HandshakeContext.dispatch(Unknown Source)
at sun.security.ssl.HandshakeContext.dispatch(Unknown Source)
at sun.security.ssl.TransportContext.dispatch(Unknown Source)
at sun.security.ssl.SSLTransport.decode(Unknown Source)
at sun.security.ssl.SSLSocketImpl.decode(Unknown Source)
at sun.security.ssl.SSLSocketImpl.readHandshakeRecord(Unknown Source)
at sun.security.ssl.SSLSocketImpl.startHandshake(Unknown Source)
at sun.security.ssl.SSLSocketImpl.startHandshake(Unknown Source)
at org.apache.http.conn.ssl.SSLSocketFactory.connectSocket(SSLSocketFactory.java:553)
at org.apache.http.conn.ssl.SSLSocketFactory.connectSocket(SSLSocketFactory.java:412)
at org.apache.http.impl.conn.DefaultClientConnectionOperator.openConnection(DefaultClientConnectionOperator.java:179)
at org.apache.http.impl.conn.ManagedClientConnectionImpl.open(ManagedClientConnectionImpl.java:328)
at org.apache.http.impl.client.DefaultRequestDirector.tryConnect(DefaultRequestDirector.java:612)
at org.apache.http.impl.client.DefaultRequestDirector.execute(DefaultRequestDirector.java:447)
at org.apache.http.impl.client.AbstractHttpClient.doExecute(AbstractHttpClient.java:884)
at org.apache.http.impl.client.CloseableHttpClient.execute(CloseableHttpClient.java:82)
at org.apache.http.impl.client.CloseableHttpClient.execute(CloseableHttpClient.java:55)
at org.apache.http.client.HttpClient$execute$0.call(Unknown Source)
at io.restassured.internal.RequestSpecificationImpl$RestAssuredHttpBuilder.doRequest(RequestSpecificationImpl.groovy:2119)
at io.restassured.internal.http.HTTPBuilder.post(HTTPBuilder.java:349)
at io.restassured.internal.http.HTTPBuilder$post$2.call(Unknown Source)
at io.restassured.internal.RequestSpecificationImpl.sendRequest(RequestSpecificationImpl.groovy:1269)
at groovy.lang.MetaMethod.doMethodInvoke(MetaMethod.java:325)
at groovy.lang.MetaClassImpl.invokeMethod(MetaClassImpl.java:1212)
at groovy.lang.MetaClassImpl.invokeMethod(MetaClassImpl.java:1021)
at groovy.lang.MetaClassImpl.invokeMethod(MetaClassImpl.java:812)
at io.restassured.internal.RequestSpecificationImpl.invokeMethod(RequestSpecificationImpl.groovy)
at org.codehaus.groovy.runtime.callsite.PogoInterceptableSite.call(PogoInterceptableSite.java:48)
at org.codehaus.groovy.runtime.callsite.AbstractCallSite.call(AbstractCallSite.java:149)
at io.restassured.internal.filter.SendRequestFilter.filter(SendRequestFilter.groovy:30)
at io.restassured.filter.Filter$filter$0.call(Unknown Source)
at org.codehaus.groovy.runtime.callsite.CallSiteArray.defaultCall(CallSiteArray.java:48)
at io.restassured.filter.Filter$filter.call(Unknown Source)
at io.restassured.internal.filter.FilterContextImpl.next(FilterContextImpl.groovy:72)
at io.restassured.filter.time.TimingFilter.filter(TimingFilter.java:56)
at io.restassured.filter.Filter$filter.call(Unknown Source)
at org.codehaus.groovy.runtime.callsite.CallSiteArray.defaultCall(CallSiteArray.java:48)
at io.restassured.filter.Filter$filter.call(Unknown Source)
at io.restassured.internal.filter.FilterContextImpl.next(FilterContextImpl.groovy:72)
at io.restassured.filter.log.RequestLoggingFilter.filter(RequestLoggingFilter.java:124)
at io.restassured.filter.Filter$filter.call(Unknown Source)
at org.codehaus.groovy.runtime.callsite.CallSiteArray.defaultCall(CallSiteArray.java:48)
at io.restassured.filter.Filter$filter$0.call(Unknown Source)
at io.restassured.internal.filter.FilterContextImpl.next(FilterContextImpl.groovy:72)
at io.restassured.filter.FilterContext$next.call(Unknown Source)
at io.restassured.internal.RequestSpecificationImpl.applyPathParamsAndSendRequest(RequestSpecificationImpl.groovy:1722)
at groovy.lang.MetaMethod.doMethodInvoke(MetaMethod.java:325)
at groovy.lang.MetaClassImpl.invokeMethod(MetaClassImpl.java:1212)
at groovy.lang.MetaClassImpl.invokeMethod(MetaClassImpl.java:1021)
at groovy.lang.MetaClassImpl.invokeMethod(MetaClassImpl.java:812)
at io.restassured.internal.RequestSpecificationImpl.invokeMethod(RequestSpecificationImpl.groovy)
at org.codehaus.groovy.runtime.callsite.PogoInterceptableSite.call(PogoInterceptableSite.java:48)
at org.codehaus.groovy.runtime.callsite.PogoInterceptableSite.callCurrent(PogoInterceptableSite.java:58)
at org.codehaus.groovy.runtime.callsite.AbstractCallSite.callCurrent(AbstractCallSite.java:182)
at io.restassured.internal.RequestSpecificationImpl.applyPathParamsAndSendRequest(RequestSpecificationImpl.groovy:1728)
at groovy.lang.MetaMethod.doMethodInvoke(MetaMethod.java:325)
at groovy.lang.MetaClassImpl.invokeMethod(MetaClassImpl.java:1212)
at groovy.lang.MetaClassImpl.invokeMethod(MetaClassImpl.java:1021)
at groovy.lang.MetaClassImpl.invokeMethod(MetaClassImpl.java:812)
at io.restassured.internal.RequestSpecificationImpl.invokeMethod(RequestSpecificationImpl.groovy)
at org.codehaus.groovy.runtime.callsite.PogoInterceptableSite.call(PogoInterceptableSite.java:48)
at org.codehaus.groovy.runtime.callsite.PogoInterceptableSite.callCurrent(PogoInterceptableSite.java:58)
at org.codehaus.groovy.runtime.callsite.AbstractCallSite.callCurrent(AbstractCallSite.java:182)
at io.restassured.internal.RequestSpecificationImpl.post(RequestSpecificationImpl.groovy:172)
at io.restassured.internal.RequestSpecificationImpl.post(RequestSpecificationImpl.groovy)
at rest.nagp.assignment.utilities.RestClientWrapper.post(RestClientWrapper.java:29)
at rest.nagp.assignment.base.Base.getSessionID(Base.java:72)
at rest.nagp.assignment.testCases.TestUsers.updateUserEmail(TestUsers.java:55)
Caused by: sun.security.validator.ValidatorException: PKIX path building failed: sun.security.provider.certpath.SunCertPathBuilderException: unable to find valid certification path to requested target
at sun.security.validator.PKIXValidator.doBuild(Unknown Source)
at sun.security.validator.PKIXValidator.engineValidate(Unknown Source)
at sun.security.validator.Validator.validate(Unknown Source)
at sun.security.ssl.X509TrustManagerImpl.validate(Unknown Source)
at sun.security.ssl.X509TrustManagerImpl.checkTrusted(Unknown Source)
at sun.security.ssl.X509TrustManagerImpl.checkServerTrusted(Unknown Source)
... 112 more
Caused by: sun.security.provider.certpath.SunCertPathBuilderException: unable to find valid certification path to requested target
at sun.security.provider.certpath.SunCertPathBuilder.build(Unknown Source)
at sun.security.provider.certpath.SunCertPathBuilder.engineBuild(Unknown Source)
at java.security.cert.CertPathBuilder.build(Unknown Source)
... 118 more
... Removed 40 stack frames]]>
    </failure>
  </testcase> <!-- updateUserEmail -->
  <testcase name="@BeforeSuite init" time="0.0" classname="rest.nagp.assignment.base.Base">
    <ignored/>
  </testcase> <!-- @BeforeSuite init -->
  <testcase name="@BeforeSuite init" time="0.0" classname="rest.nagp.assignment.base.Base">
    <ignored/>
  </testcase> <!-- @BeforeSuite init -->
</testsuite> <!-- Test -->
